0 info it worked if it ends with ok
1 verbose cli [
1 verbose cli   'C:\\Program Files (x86)\\nodejs\\node.exe',
1 verbose cli   'C:\\Program Files (x86)\\nodejs\\node_modules\\npm\\bin\\npm-cli.js',
1 verbose cli   'install',
1 verbose cli   '--save',
1 verbose cli   'props-types'
1 verbose cli ]
2 info using npm@6.14.6
3 info using node@v12.18.4
4 verbose npm-session acc330d994a48066
5 silly install loadCurrentTree
6 silly install readLocalPackageData
7 http fetch GET 404 https://registry.npmjs.org/props-types 1930ms
8 http fetch GET 404 https://registry.npmjs.org/props-types 1160ms
9 silly fetchPackageMetaData error for props-types@latest 404 Not Found - GET https://registry.npmjs.org/props-types - Not found
10 timing stage:rollbackFailedOptional Completed in 0ms
11 timing stage:runTopLevelLifecycles Completed in 51054ms
12 verbose stack Error: 404 Not Found - GET https://registry.npmjs.org/props-types - Not found
12 verbose stack     at C:\Program Files (x86)\nodejs\node_modules\npm\node_modules\npm-registry-fetch\check-response.js:114:15
12 verbose stack     at processTicksAndRejections (internal/process/task_queues.js:97:5)
13 verbose statusCode 404
14 verbose pkgid props-types@latest
15 verbose cwd C:\react\project\dog
16 verbose Windows_NT 6.1.7601
17 verbose argv "C:\\Program Files (x86)\\nodejs\\node.exe" "C:\\Program Files (x86)\\nodejs\\node_modules\\npm\\bin\\npm-cli.js" "install" "--save" "props-types"
18 verbose node v12.18.4
19 verbose npm  v6.14.6
20 error code E404
21 error 404 Not Found - GET https://registry.npmjs.org/props-types - Not found
22 error 404
23 error 404 'props-types@latest' is not in the npm registry.
24 error 404 You should bug the author to publish it (or use the name yourself!)
25 error 404 Note that you can also install from a
26 error 404 tarball, folder, http url, or git url.
27 verbose exit [ 1, true ]
